Performing C++ SOURCE FILE Test COMPILER_SUPPORT_Wshorten64to32 failed with the following output:
Change Dir: /home/jannik/eigen/build/CMakeFiles/CMakeTmp

Run Build Command:"/usr/bin/make" "cmTC_adaa2/fast"
/usr/bin/make -f CMakeFiles/cmTC_adaa2.dir/build.make CMakeFiles/cmTC_adaa2.dir/build
make[1]: Entering directory '/home/jannik/eigen/build/CMakeFiles/CMakeTmp'
Building CXX object CMakeFiles/cmTC_adaa2.dir/src.cxx.o
/usr/bin/c++     -pedantic -Wall -Wextra -Wundef -Wcast-align -Wchar-subscripts -Wnon-virtual-dtor -Wunused-local-typedefs -Wpointer-arith -Wwrite-strings -Wformat-security -DCOMPILER_SUPPORT_Wshorten64to32 -Werror   -Wshorten-64-to-32 -o CMakeFiles/cmTC_adaa2.dir/src.cxx.o -c /home/jannik/eigen/build/CMakeFiles/CMakeTmp/src.cxx
c++: error: unrecognized command line option '-Wshorten-64-to-32'
CMakeFiles/cmTC_adaa2.dir/build.make:65: recipe for target 'CMakeFiles/cmTC_adaa2.dir/src.cxx.o' failed
make[1]: *** [CMakeFiles/cmTC_adaa2.dir/src.cxx.o] Error 1
make[1]: Leaving directory '/home/jannik/eigen/build/CMakeFiles/CMakeTmp'
Makefile:126: recipe for target 'cmTC_adaa2/fast' failed
make: *** [cmTC_adaa2/fast] Error 2

Source file was:
int main() { return 0; }
Performing C++ SOURCE FILE Test COMPILER_SUPPORT_Wenumconversion failed with the following output:
Change Dir: /home/jannik/eigen/build/CMakeFiles/CMakeTmp

Run Build Command:"/usr/bin/make" "cmTC_80023/fast"
/usr/bin/make -f CMakeFiles/cmTC_80023.dir/build.make CMakeFiles/cmTC_80023.dir/build
make[1]: Entering directory '/home/jannik/eigen/build/CMakeFiles/CMakeTmp'
Building CXX object CMakeFiles/cmTC_80023.dir/src.cxx.o
/usr/bin/c++     -pedantic -Wall -Wextra -Wundef -Wcast-align -Wchar-subscripts -Wnon-virtual-dtor -Wunused-local-typedefs -Wpointer-arith -Wwrite-strings -Wformat-security -Wlogical-op -DCOMPILER_SUPPORT_Wenumconversion -Werror   -Wenum-conversion -o CMakeFiles/cmTC_80023.dir/src.cxx.o -c /home/jannik/eigen/build/CMakeFiles/CMakeTmp/src.cxx
c++: error: unrecognized command line option '-Wenum-conversion'
CMakeFiles/cmTC_80023.dir/build.make:65: recipe for target 'CMakeFiles/cmTC_80023.dir/src.cxx.o' failed
make[1]: *** [CMakeFiles/cmTC_80023.dir/src.cxx.o] Error 1
make[1]: Leaving directory '/home/jannik/eigen/build/CMakeFiles/CMakeTmp'
Makefile:126: recipe for target 'cmTC_80023/fast' failed
make: *** [cmTC_80023/fast] Error 2

Source file was:
int main() { return 0; }
Performing C++ SOURCE FILE Test COMPILER_SUPPORT_Wcpp11extensions failed with the following output:
Change Dir: /home/jannik/eigen/build/CMakeFiles/CMakeTmp

Run Build Command:"/usr/bin/make" "cmTC_c727f/fast"
/usr/bin/make -f CMakeFiles/cmTC_c727f.dir/build.make CMakeFiles/cmTC_c727f.dir/build
make[1]: Entering directory '/home/jannik/eigen/build/CMakeFiles/CMakeTmp'
Building CXX object CMakeFiles/cmTC_c727f.dir/src.cxx.o
/usr/bin/c++     -pedantic -Wall -Wextra -Wundef -Wcast-align -Wchar-subscripts -Wnon-virtual-dtor -Wunused-local-typedefs -Wpointer-arith -Wwrite-strings -Wformat-security -Wlogical-op -DCOMPILER_SUPPORT_Wcpp11extensions -Werror   -Wc++11-extensions -o CMakeFiles/cmTC_c727f.dir/src.cxx.o -c /home/jannik/eigen/build/CMakeFiles/CMakeTmp/src.cxx
c++: error: unrecognized command line option '-Wc++11-extensions'
CMakeFiles/cmTC_c727f.dir/build.make:65: recipe for target 'CMakeFiles/cmTC_c727f.dir/src.cxx.o' failed
make[1]: *** [CMakeFiles/cmTC_c727f.dir/src.cxx.o] Error 1
make[1]: Leaving directory '/home/jannik/eigen/build/CMakeFiles/CMakeTmp'
Makefile:126: recipe for target 'cmTC_c727f/fast' failed
make: *** [cmTC_c727f/fast] Error 2

Source file was:
int main() { return 0; }
Performing C++ SOURCE FILE Test COMPILER_SUPPORT_wd981 failed with the following output:
Change Dir: /home/jannik/eigen/build/CMakeFiles/CMakeTmp

Run Build Command:"/usr/bin/make" "cmTC_542ba/fast"
/usr/bin/make -f CMakeFiles/cmTC_542ba.dir/build.make CMakeFiles/cmTC_542ba.dir/build
make[1]: Entering directory '/home/jannik/eigen/build/CMakeFiles/CMakeTmp'
Building CXX object CMakeFiles/cmTC_542ba.dir/src.cxx.o
/usr/bin/c++     -pedantic -Wall -Wextra -Wundef -Wcast-align -Wchar-subscripts -Wnon-virtual-dtor -Wunused-local-typedefs -Wpointer-arith -Wwrite-strings -Wformat-security -Wlogical-op -Wdouble-promotion -Wshadow -Wno-psabi -Wno-variadic-macros -Wno-long-long -fno-check-new -fno-common -fstrict-aliasing -DCOMPILER_SUPPORT_wd981 -Werror   -wd981 -o CMakeFiles/cmTC_542ba.dir/src.cxx.o -c /home/jannik/eigen/build/CMakeFiles/CMakeTmp/src.cxx
c++: error: unrecognized command line option '-wd981'
CMakeFiles/cmTC_542ba.dir/build.make:65: recipe for target 'CMakeFiles/cmTC_542ba.dir/src.cxx.o' failed
make[1]: *** [CMakeFiles/cmTC_542ba.dir/src.cxx.o] Error 1
make[1]: Leaving directory '/home/jannik/eigen/build/CMakeFiles/CMakeTmp'
Makefile:126: recipe for target 'cmTC_542ba/fast' failed
make: *** [cmTC_542ba/fast] Error 2

Source file was:
int main() { return 0; }
Performing C++ SOURCE FILE Test COMPILER_SUPPORT_wd2304 failed with the following output:
Change Dir: /home/jannik/eigen/build/CMakeFiles/CMakeTmp

Run Build Command:"/usr/bin/make" "cmTC_86747/fast"
/usr/bin/make -f CMakeFiles/cmTC_86747.dir/build.make CMakeFiles/cmTC_86747.dir/build
make[1]: Entering directory '/home/jannik/eigen/build/CMakeFiles/CMakeTmp'
Building CXX object CMakeFiles/cmTC_86747.dir/src.cxx.o
/usr/bin/c++     -pedantic -Wall -Wextra -Wundef -Wcast-align -Wchar-subscripts -Wnon-virtual-dtor -Wunused-local-typedefs -Wpointer-arith -Wwrite-strings -Wformat-security -Wlogical-op -Wdouble-promotion -Wshadow -Wno-psabi -Wno-variadic-macros -Wno-long-long -fno-check-new -fno-common -fstrict-aliasing -DCOMPILER_SUPPORT_wd2304 -Werror   -wd2304 -o CMakeFiles/cmTC_86747.dir/src.cxx.o -c /home/jannik/eigen/build/CMakeFiles/CMakeTmp/src.cxx
c++: error: unrecognized command line option '-wd2304'
CMakeFiles/cmTC_86747.dir/build.make:65: recipe for target 'CMakeFiles/cmTC_86747.dir/src.cxx.o' failed
make[1]: *** [CMakeFiles/cmTC_86747.dir/src.cxx.o] Error 1
make[1]: Leaving directory '/home/jannik/eigen/build/CMakeFiles/CMakeTmp'
Makefile:126: recipe for target 'cmTC_86747/fast' failed
make: *** [cmTC_86747/fast] Error 2

Source file was:
int main() { return 0; }
Performing C++ SOURCE FILE Test COMPILER_SUPPORT_STRICTANSI failed with the following output:
Change Dir: /home/jannik/eigen/build/CMakeFiles/CMakeTmp

Run Build Command:"/usr/bin/make" "cmTC_cf1c3/fast"
/usr/bin/make -f CMakeFiles/cmTC_cf1c3.dir/build.make CMakeFiles/cmTC_cf1c3.dir/build
make[1]: Entering directory '/home/jannik/eigen/build/CMakeFiles/CMakeTmp'
Building CXX object CMakeFiles/cmTC_cf1c3.dir/src.cxx.o
/usr/bin/c++     -pedantic -Wall -Wextra -Wundef -Wcast-align -Wchar-subscripts -Wnon-virtual-dtor -Wunused-local-typedefs -Wpointer-arith -Wwrite-strings -Wformat-security -Wlogical-op -Wdouble-promotion -Wshadow -Wno-psabi -Wno-variadic-macros -Wno-long-long -fno-check-new -fno-common -fstrict-aliasing -DCOMPILER_SUPPORT_STRICTANSI -Werror   -strict-ansi -o CMakeFiles/cmTC_cf1c3.dir/src.cxx.o -c /home/jannik/eigen/build/CMakeFiles/CMakeTmp/src.cxx
c++: error: unrecognized command line option '-strict-ansi'
CMakeFiles/cmTC_cf1c3.dir/build.make:65: recipe for target 'CMakeFiles/cmTC_cf1c3.dir/src.cxx.o' failed
make[1]: *** [CMakeFiles/cmTC_cf1c3.dir/src.cxx.o] Error 1
make[1]: Leaving directory '/home/jannik/eigen/build/CMakeFiles/CMakeTmp'
Makefile:126: recipe for target 'cmTC_cf1c3/fast' failed
make: *** [cmTC_cf1c3/fast] Error 2

Source file was:
int main() { return 0; }
Performing C++ SOURCE FILE Test COMPILER_SUPPORT_Qunusedarguments failed with the following output:
Change Dir: /home/jannik/eigen/build/CMakeFiles/CMakeTmp

Run Build Command:"/usr/bin/make" "cmTC_a1bbe/fast"
/usr/bin/make -f CMakeFiles/cmTC_a1bbe.dir/build.make CMakeFiles/cmTC_a1bbe.dir/build
make[1]: Entering directory '/home/jannik/eigen/build/CMakeFiles/CMakeTmp'
Building CXX object CMakeFiles/cmTC_a1bbe.dir/src.cxx.o
/usr/bin/c++     -pedantic -Wall -Wextra -Wundef -Wcast-align -Wchar-subscripts -Wnon-virtual-dtor -Wunused-local-typedefs -Wpointer-arith -Wwrite-strings -Wformat-security -Wlogical-op -Wdouble-promotion -Wshadow -Wno-psabi -Wno-variadic-macros -Wno-long-long -fno-check-new -fno-common -fstrict-aliasing -DCOMPILER_SUPPORT_Qunusedarguments -Werror   -Qunused-arguments -o CMakeFiles/cmTC_a1bbe.dir/src.cxx.o -c /home/jannik/eigen/build/CMakeFiles/CMakeTmp/src.cxx
c++: error: unrecognized command line option '-Qunused-arguments'
CMakeFiles/cmTC_a1bbe.dir/build.make:65: recipe for target 'CMakeFiles/cmTC_a1bbe.dir/src.cxx.o' failed
make[1]: *** [CMakeFiles/cmTC_a1bbe.dir/src.cxx.o] Error 1
make[1]: Leaving directory '/home/jannik/eigen/build/CMakeFiles/CMakeTmp'
Makefile:126: recipe for target 'cmTC_a1bbe/fast' failed
make: *** [cmTC_a1bbe/fast] Error 2

Source file was:
int main() { return 0; }
Determining if the pthread_create exist failed with the following output:
Change Dir: /home/jannik/eigen/build/CMakeFiles/CMakeTmp

Run Build Command:"/usr/bin/make" "cmTC_eca1b/fast"
/usr/bin/make -f CMakeFiles/cmTC_eca1b.dir/build.make CMakeFiles/cmTC_eca1b.dir/build
make[1]: Entering directory '/home/jannik/eigen/build/CMakeFiles/CMakeTmp'
Building C object CMakeFiles/cmTC_eca1b.dir/CheckSymbolExists.c.o
/usr/bin/cc     -o CMakeFiles/cmTC_eca1b.dir/CheckSymbolExists.c.o   -c /home/jannik/eigen/build/CMakeFiles/CMakeTmp/CheckSymbolExists.c
Linking C executable cmTC_eca1b
/usr/bin/cmake -E cmake_link_script CMakeFiles/cmTC_eca1b.dir/link.txt --verbose=1
/usr/bin/cc       CMakeFiles/cmTC_eca1b.dir/CheckSymbolExists.c.o  -o cmTC_eca1b -rdynamic 
CMakeFiles/cmTC_eca1b.dir/CheckSymbolExists.c.o: In function `main':
CheckSymbolExists.c:(.text+0x16): undefined reference to `pthread_create'
collect2: error: ld returned 1 exit status
CMakeFiles/cmTC_eca1b.dir/build.make:97: recipe for target 'cmTC_eca1b' failed
make[1]: *** [cmTC_eca1b] Error 1
make[1]: Leaving directory '/home/jannik/eigen/build/CMakeFiles/CMakeTmp'
Makefile:126: recipe for target 'cmTC_eca1b/fast' failed
make: *** [cmTC_eca1b/fast] Error 2

File /home/jannik/eigen/build/CMakeFiles/CMakeTmp/CheckSymbolExists.c:
/* */
#include <pthread.h>

int main(int argc, char** argv)
{
  (void)argv;
#ifndef pthread_create
  return ((int*)(&pthread_create))[argc];
#else
  (void)argc;
  return 0;
#endif
}

Determining if the function pthread_create exists in the pthreads failed with the following output:
Change Dir: /home/jannik/eigen/build/CMakeFiles/CMakeTmp

Run Build Command:"/usr/bin/make" "cmTC_e500b/fast"
/usr/bin/make -f CMakeFiles/cmTC_e500b.dir/build.make CMakeFiles/cmTC_e500b.dir/build
make[1]: Entering directory '/home/jannik/eigen/build/CMakeFiles/CMakeTmp'
Building C object CMakeFiles/cmTC_e500b.dir/CheckFunctionExists.c.o
/usr/bin/cc    -DCHECK_FUNCTION_EXISTS=pthread_create   -o CMakeFiles/cmTC_e500b.dir/CheckFunctionExists.c.o   -c /usr/share/cmake-3.5/Modules/CheckFunctionExists.c
Linking C executable cmTC_e500b
/usr/bin/cmake -E cmake_link_script CMakeFiles/cmTC_e500b.dir/link.txt --verbose=1
/usr/bin/cc   -DCHECK_FUNCTION_EXISTS=pthread_create    CMakeFiles/cmTC_e500b.dir/CheckFunctionExists.c.o  -o cmTC_e500b -rdynamic -lpthreads 
/usr/bin/ld: cannot find -lpthreads
collect2: error: ld returned 1 exit status
CMakeFiles/cmTC_e500b.dir/build.make:97: recipe for target 'cmTC_e500b' failed
make[1]: *** [cmTC_e500b] Error 1
make[1]: Leaving directory '/home/jannik/eigen/build/CMakeFiles/CMakeTmp'
Makefile:126: recipe for target 'cmTC_e500b/fast' failed
make: *** [cmTC_e500b/fast] Error 2


